     1                                 %line 1+1 console-input.asm
     2                                 
     3                                 
     4                                 
     5                                 
     6                                 [section .data]
     7                                 
     8                                 
     9                                 
    10                                 
    11                                 LF equ 10
    12                                 NULL equ 0
    13                                 TRUE equ 1
    14                                 FALSE equ 0
    15                                 
    16                                 EXIT_SUCCESS equ 0
    17                                 
    18                                 STDIN equ 0
    19                                 STDOUT equ 1
    20                                 STDERR equ 2
    21                                 
    22                                 SYS_read equ 0
    23                                 SYS_write equ 1
    24                                 SYS_open equ 2
    25                                 SYS_close equ 3
    26                                 SYS_fork equ 57
    27                                 SYS_exit equ 60
    28                                 SYS_creat equ 85
    29                                 SYS_time equ 201
    30                                 
    31                                 
    32                                 
    33                                 
    34                                 STRLEN equ 50
    35                                 
    36 00000000 456E74657220546578-    pmpt db "Enter Text: ", NULL
    37 00000000 743A2000           
    38 0000000D 0A00                   newLine db LF, NULL
    39                                 
    40                                 
    41                                 
    42                                 [section .bss]
    43                                 
    44 00000000 <gap>                  chr resb 1
    45 00000001 <gap>                  inLine resb STRLEN+2
    46                                 
    47                                 
    48                                 
    49                                 
    50                                 
    51                                 [section .text]
    52                                 [global _start]
    53                                 _start:
    54                                 
    55                                 
    56                                 
    57 00000000 48C7C7[00000000]        mov rdi, pmpt
    58 00000007 E862000000              call printString
    59                                 
    60                                 
    61                                 
    62                                 
    63 0000000C 48C7C3[00000000]        mov rbx, inLine
    64 00000013 49C7C400000000          mov r12, 0
    65                                 
    66                                 readCharacters:
    67 0000001A 48C7C000000000          mov rax, SYS_read
    68 00000021 48C7C700000000          mov rdi, STDIN
    69 00000028 488D3425[00000000]      lea rsi, byte[chr]
    70 00000030 48C7C201000000          mov rdx, 1
    71 00000037 0F05                    syscall
    72                                 
    73 00000039 8A0425[00000000]        mov al, byte[chr]
    74 00000040 3C0A                    cmp al, LF
    75 00000042 740E                    je readDone
    76                                 
    77 00000044 49FFC4                  inc r12
    78 00000047 4983FC32                cmp r12, STRLEN
    79 0000004B 73CB                    jae readCharacters
    80                                 
    81 0000004D 8803                    mov byte[rbx], al
    82 0000004F 48FFC3                  inc rbx
    83                                 
    84 00000052 EBC4                    jmp readCharacters
    85                                 
    86                                 readDone:
    87 00000054 C60300                  mov byte[rbx], NULL
    88                                 
    89                                 
    90                                 
    91 00000057 48C7C7[00000000]        mov rdi, inLine
    92 0000005E E80B000000              call printString
    93                                 
    94                                 
    95                                 
    96                                 
    97                                 exampleDone:
    98 00000063 48C7C03C000000          mov rax, SYS_exit
    99 0000006A 48C7C700000000          mov rdi, EXIT_SUCCESS
   100 00000071 0F05                    syscall
   101                                 
   102                                 
   103                                 
   104                                 
   105                                 
   106                                 
   107                                 
   108                                 
   109                                 
   110                                 
   111                                 
   112                                 
   113                                 [global printString]
   114                                 printString:
   115 00000073 53                      push rbx
   116                                 
   117                                 
   118                                 
   119 00000074 4889FB                  mov rbx, rdi
   120 00000077 48C7C200000000          mov rdx, 0
   121                                 
   122                                 strCountLoop:
   123 0000007E 803B00                  cmp byte[rbx], NULL
   124 00000081 7406                    je strCountDone
   125 00000083 48FFC2                  inc rdx
   126 00000086 48FFC3                  inc rbx
   127 00000089 EBF1                    jmp strCountLoop
   128                                 
   129                                 strCountDone:
   130 0000008B 4883FA00                cmp rdx, 0
   131 0000008F 7411                    je prtDone
   132                                 
   133                                 
   134                                 
   135                                 
   136 00000091 48C7C001000000          mov rax, SYS_write
   137 00000098 4889FE                  mov rsi, rdi
   138 0000009B 48C7C701000000          mov rdi, STDOUT
   139                                 
   140 000000A2 0F05                    syscall
   141                                 
   142                                 
   143                                 
   144                                 
   145                                 prtDone:
   146 000000A4 5B                      pop rbx
   147 000000A5 C3                      ret
   148                                 
   149                                 
   150                                 
   151                                 
