     1                                 %line 1+1 sumOfSquares.asm
     2                                 
     3                                 
     4                                 
     5                                 
     6                                 
     7                                 
     8                                 [section .data]
     9                                 
    10                                 
    11                                 
    12                                 
    13                                 EXIT_SUCCESS equ 0
    14                                 SYS_exit equ 60
    15                                 
    16                                 
    17                                 
    18                                 
    19 00000000 0A000000               n dd 10
    20 00000004 0000000000000000       sumOfSquares dq 0
    21                                 
    22                                 
    23                                 
    24                                 .486
    25                                 
    26                                 [section .text]
    27                                 [global _start]
    28                                 _start:
    29                                 
    30                                 
    31                                 
    32                                 
    33 00000000 48C7C301000000          mov rbx, 1
    34 00000007 8B0C25[00000000]        mov ecx, dword [n]
    35                                 
    36                                 sumLoop:
    37 0000000E 4889D8                  mov rax, rbx
    38 00000011 48F7E0                  mul rax
    39 00000014 48010425[00000000]      add qword [sumOfSquares], rax
    40 0000001C 48FFC3                  inc rbx
    41 0000001F E2EB                    loop sumLoop
    42                                 
    43                                 
    44                                 
    45                                 
    46                                 last:
    47 00000021 48C7C03C000000          mov rax, SYS_exit
    48 00000028 48C7C700000000          mov rdi, EXIT_SUCCESS
    49 0000002F 0F05                    syscall
