     1                                 %line 1+1 file-write.asm
     2                                 
     3                                 
     4                                 
     5                                 
     6                                 
     7                                 [section .data]
     8                                 
     9                                 
    10                                 
    11                                 
    12                                 LF equ 10
    13                                 NULL equ 0
    14                                 TRUE equ 1
    15                                 FALSE equ 0
    16                                 
    17                                 EXIT_SUCCESS equ 0
    18                                 
    19                                 STDIN equ 0
    20                                 STDOUT equ 1
    21                                 STDERR equ 2
    22                                 
    23                                 SYS_read equ 0
    24                                 SYS_write equ 1
    25                                 SYS_open equ 2
    26                                 SYS_close equ 3
    27                                 SYS_fork equ 57
    28                                 SYS_exit equ 60
    29                                 SYS_creat equ 85
    30                                 SYS_time equ 201
    31                                 
    32                                 O_CREAT equ 0x40
    33                                 O_TRUNC equ 0x200
    34                                 O_APPEND equ 0x400
    35                                 
    36                                 O_RDONLY equ 000000
    37                                 O_WRONLY equ 000001
    38                                 O_RDWR equ 000002
    39                                 
    40                                 S_IRUSR equ 00400
    41                                 S_IWUSR equ 00200
    42                                 S_IXUSR equ 00100
    43                                 
    44                                 
    45                                 
    46                                 
    47                                 
    48 00000000 0A00                   newLine db LF, NULL
    49 00000002 0A46696C6520577269-    header db LF, "File Write Example.",LF, LF, NULL
    50 00000002 7465204578616D706C-
    51 00000002 652E0A0A00         
    52                                 
    53 00000019 75726C2E74787400       fileName db "url.txt", NULL
    54 00000021 687474703A2F2F7777-    url db "http://www.google.com"
    55 00000021 772E676F6F676C652E-
    56 00000021 636F6D             
    57 00000036 0A00                    db LF, NULL
    58 00000038 1600000000000000       len dq $-url-1
    59                                 
    60 00000040 577269746520436F6D-    writeDone db "Write Completed.", LF, NULL
    61 00000040 706C657465642E0A00 
    62 00000052 0000000000000000       fileDesc dq 0
    63 0000005A 4572726F72206F7065-    errMsgOpen db "Error opening file.", LF, NULL
    64 0000005A 6E696E672066696C65-
    65 0000005A 2E0A00             
    66 0000006F 4572726F7220777269-    errMsgWrite db "Error writing to file.", LF, NULL
    67 0000006F 74696E6720746F2066-
    68 0000006F 696C652E0A00       
    69                                 
    70                                 
    71                                 
    72                                 [section .text]
    73                                 [global _start]
    74                                 _start:
    75                                 
    76                                 
    77                                 
    78 00000000 48C7C7[00000000]        mov rdi, header
    79 00000007 E891000000              call printString
    80                                 
    81                                 
    82                                 
    83                                 
    84                                 
    85                                 
    86                                 
    87                                 
    88                                 
    89                                 
    90                                 
    91                                 
    92                                 
    93                                 
    94                                 
    95                                 
    96                                 
    97                                 
    98                                 
    99                                  openInputFile:
   100 0000000C 48C7C055000000          mov rax, SYS_creat
   101 00000013 48C7C7[00000000]        mov rdi, fileName
   102 0000001A 48C7C680010000          mov rsi, S_IRUSR | S_IWUSR
   103 00000021 0F05                    syscall
   104                                 
   105 00000023 4883F800                cmp rax, 0
   106 00000027 7C4B                    jl errorOnOpen
   107                                 
   108 00000029 48890425[00000000]      mov qword[fileDesc], rax
   109                                 
   110                                 
   111                                 
   112                                 
   113                                 
   114                                 
   115                                 
   116                                 
   117                                 
   118                                 
   119                                 
   120                                 
   121                                 
   122                                 
   123                                 
   124 00000031 48C7C001000000          mov rax, SYS_write
   125 00000038 488B3C25[00000000]      mov rdi, qword[fileDesc]
   126 00000040 48C7C6[00000000]        mov rsi, url
   127 00000047 488B1425[00000000]      mov rdx, qword[len]
   128 0000004F 0F05                    syscall
   129                                 
   130 00000051 4883F800                cmp rax, 0
   131 00000055 7C2B                    jl errorOnWrite
   132                                 
   133 00000057 48C7C7[00000000]        mov rdi, writeDone
   134 0000005E E83A000000              call printString
   135                                 
   136                                 
   137                                 
   138                                 
   139                                 
   140                                 
   141 00000063 48C7C003000000          mov rax, SYS_close
   142 0000006A 488B3C25[00000000]      mov rdi, qword[fileDesc]
   143 00000072 0F05                    syscall
   144                                 
   145 00000074 EB1A                    jmp exampleDone
   146                                 
   147                                 
   148                                 
   149                                 
   150                                 
   151                                 
   152                                  errorOnOpen:
   153 00000076 48C7C7[00000000]        mov rdi, errMsgOpen
   154 0000007D E81B000000              call printString
   155                                 
   156 00000082 EB0C                    jmp exampleDone
   157                                 
   158                                 
   159                                 
   160                                 
   161                                 
   162                                 
   163                                  errorOnWrite:
   164 00000084 48C7C7[00000000]        mov rdi, errMsgWrite
   165 0000008B E80D000000              call printString
   166                                 
   167 00000090 EBFE                    jmp exampleDone
   168                                 
   169                                 
   170                                 
   171                                 
   172                                 exampleDone:
   173 00000092 48C7C03C000000          mov rax, SYS_exit
   174 00000099 48C7C700000000          mov rdi, EXIT_SUCCESS
   175 000000A0 0F05                    syscall
   176                                 
   177                                 
   178                                 
   179                                 
   180                                 
   181                                 
   182                                 
   183                                 
   184                                 
   185                                 
   186                                 
   187                                 
   188                                 [global printString]
   189                                 printString:
   190 000000A2 53                      push rbx
   191                                 
   192                                 
   193                                 
   194 000000A3 4889FB                  mov rbx, rdi
   195 000000A6 48C7C200000000          mov rdx, 0
   196                                 
   197                                 strCountLoop:
   198 000000AD 803B00                  cmp byte[rbx], NULL
   199 000000B0 7406                    je strCountDone
   200 000000B2 48FFC2                  inc rdx
   201 000000B5 48FFC3                  inc rbx
   202 000000B8 EBF1                    jmp strCountLoop
   203                                 
   204                                 strCountDone:
   205 000000BA 4883FA00                cmp rdx, 0
   206 000000BE 7411                    je prtDone
   207                                 
   208                                 
   209                                 
   210                                 
   211 000000C0 48C7C001000000          mov rax, SYS_write
   212 000000C7 4889FE                  mov rsi, rdi
   213 000000CA 48C7C701000000          mov rdi, STDOUT
   214                                 
   215 000000D1 0F05                    syscall
   216                                 
   217                                 
   218                                 
   219                                 
   220                                 prtDone:
   221 000000D3 5B                      pop rbx
   222 000000D4 C3                      ret
