     1                                 %line 1+1 file-read.asm
     2                                 
     3                                 
     4                                 
     5                                 
     6                                 
     7                                 
     8                                 
     9                                 
    10                                 
    11                                 
    12                                 
    13                                 
    14                                 
    15                                 
    16                                 [section .data]
    17                                 
    18                                 
    19                                 
    20                                 
    21                                 LF equ 10
    22                                 NULL equ 0
    23                                 TRUE equ 1
    24                                 FALSE equ 0
    25                                 
    26                                 EXIT_SUCCESS equ 0
    27                                 
    28                                 STDIN equ 0
    29                                 STDOUT equ 1
    30                                 STDERR equ 2
    31                                 
    32                                 SYS_read equ 0
    33                                 SYS_write equ 1
    34                                 SYS_open equ 2
    35                                 SYS_close equ 3
    36                                 SYS_fork equ 57
    37                                 SYS_exit equ 60
    38                                 SYS_creat equ 85
    39                                 SYS_time equ 201
    40                                 
    41                                 O_CREAT equ 0x40
    42                                 O_TRUNC equ 0x200
    43                                 O_APPEND equ 0x400
    44                                 
    45                                 O_RDONLY equ 000000
    46                                 O_WRONLY equ 000001
    47                                 O_RDWR equ 000002
    48                                 
    49                                 S_IRUSR equ 00400
    50                                 S_IWUSR equ 00200
    51                                 S_IXUSR equ 00100
    52                                 
    53                                 
    54                                 
    55                                 
    56                                 BUFF_SIZE equ 255
    57                                 
    58 00000000 0A00                   newLine db LF, NULL
    59 00000002 0A46696C6520526561-    header db LF, "File Read Example."
    60 00000002 64204578616D706C65-
    61 00000002 2E                 
    62 00000015 0A0A00                  db LF, LF, NULL
    63                                 
    64 00000018 75726C2E74787400       fileName db "url.txt", NULL
    65 00000020 0000000000000000       fileDesc dq 0
    66                                 
    67 00000028 4572726F72206F7065-    errMsgOpen db "Error opening file.", LF, NULL
    68 00000028 6E696E672066696C65-
    69 00000028 2E0A00             
    70 0000003D 4572726F7220726561-    errMsgRead db "Error reading from the file.", LF, NULL
    71 0000003D 64696E672066726F6D-
    72 0000003D 207468652066696C65-
    73 0000003D 2E0A00             
    74                                 
    75                                 
    76                                 
    77                                 [section .bss]
    78 00000000 <gap>                  readBuffer resb BUFF_SIZE
    79                                 
    80                                 
    81                                 
    82                                 [section .text]
    83                                 [global _start]
    84                                 _start:
    85                                 
    86                                 
    87                                 
    88 00000000 48C7C7[00000000]        mov rdi, header
    89 00000007 E89B000000              call printString
    90                                 
    91                                 
    92                                 
    93                                 
    94                                 
    95                                 
    96                                 
    97                                 
    98                                 
    99                                 
   100                                 
   101                                 
   102                                 
   103                                 
   104                                 
   105                                 
   106                                 
   107                                 
   108                                 
   109                                  openInputFile:
   110 0000000C 48C7C002000000          mov rax, SYS_open
   111 00000013 48C7C7[00000000]        mov rdi, fileName
   112 0000001A 48C7C600000000          mov rsi, O_RDONLY
   113 00000021 0F05                    syscall
   114                                 
   115 00000023 4883F800                cmp rax, 0
   116 00000027 7C55                    jl errorOnOpen
   117                                 
   118 00000029 48890425[00000000]      mov qword[fileDesc], rax
   119                                 
   120                                 
   121                                 
   122                                 
   123                                 
   124                                 
   125                                 
   126                                 
   127                                 
   128                                 
   129                                 
   130                                 
   131                                 
   132                                 
   133 00000031 48C7C000000000          mov rax, SYS_read
   134 00000038 488B3C25[00000000]      mov rdi, qword[fileDesc]
   135 00000040 48C7C6[00000000]        mov rsi, readBuffer
   136 00000047 48C7C2FF000000          mov rdx, BUFF_SIZE
   137 0000004E 0F05                    syscall
   138                                 
   139 00000050 4883F800                cmp rax, 0
   140 00000054 7C36                    jl errorOnRead
   141                                 
   142                                 
   143                                 
   144                                 
   145 00000056 48C7C6[00000000]        mov rsi, readBuffer
   146 0000005D C6040600                mov byte[rsi+rax], NULL
   147                                 
   148 00000061 48C7C7[00000000]        mov rdi, readBuffer
   149 00000068 E83A000000              call printString
   150                                 
   151                                 
   152                                 
   153                                 
   154                                 
   155                                 
   156                                 
   157 0000006D 48C7C003000000          mov rax, SYS_close
   158 00000074 488B3C25[00000000]      mov rdi, qword[fileDesc]
   159 0000007C 0F05                    syscall
   160                                 
   161 0000007E EB1A                    jmp exampleDone
   162                                 
   163                                 
   164                                 
   165                                 
   166                                 
   167                                 
   168                                  errorOnOpen:
   169 00000080 48C7C7[00000000]        mov rdi, errMsgOpen
   170 00000087 E81B000000              call printString
   171                                 
   172 0000008C EB0C                    jmp exampleDone
   173                                 
   174                                 
   175                                 
   176                                 
   177                                 
   178                                 
   179                                  errorOnRead:
   180 0000008E 48C7C7[00000000]        mov rdi, errMsgRead
   181 00000095 E80D000000              call printString
   182                                 
   183 0000009A EBFE                    jmp exampleDone
   184                                 
   185                                 
   186                                 
   187                                 
   188                                 exampleDone:
   189 0000009C 48C7C03C000000          mov rax, SYS_exit
   190 000000A3 48C7C700000000          mov rdi, EXIT_SUCCESS
   191 000000AA 0F05                    syscall
   192                                 
   193                                 
   194                                 
   195                                 
   196                                 
   197                                 
   198                                 
   199                                 
   200                                 
   201                                 
   202                                 
   203                                 
   204                                 [global printString]
   205                                 printString:
   206 000000AC 53                      push rbx
   207                                 
   208                                 
   209                                 
   210 000000AD 4889FB                  mov rbx, rdi
   211 000000B0 48C7C200000000          mov rdx, 0
   212                                 
   213                                 strCountLoop:
   214 000000B7 803B00                  cmp byte[rbx], NULL
   215 000000BA 7406                    je strCountDone
   216 000000BC 48FFC2                  inc rdx
   217 000000BF 48FFC3                  inc rbx
   218 000000C2 EBF1                    jmp strCountLoop
   219                                 
   220                                 strCountDone:
   221 000000C4 4883FA00                cmp rdx, 0
   222 000000C8 7411                    je prtDone
   223                                 
   224                                 
   225                                 
   226                                 
   227 000000CA 48C7C001000000          mov rax, SYS_write
   228 000000D1 4889FE                  mov rsi, rdi
   229 000000D4 48C7C701000000          mov rdi, STDOUT
   230                                 
   231 000000DB 0F05                    syscall
   232                                 
   233                                 
   234                                 
   235                                 
   236                                 prtDone:
   237 000000DD 5B                      pop rbx
   238 000000DE C3                      ret
   239                                 
