     1                                 %line 1+1 average.asm
     2                                 
     3                                 
     4                                 
     5                                 
     6                                 
     7                                 
     8                                 %line 23+1 average.asm
     9                                 
    10                                 
    11                                 
    12                                 
    13                                 [section .data]
    14                                 
    15                                 
    16                                 
    17                                 
    18                                  EXIT_SUCCESS equ 0
    19                                  SYS_exit equ 60
    20                                 
    21                                 
    22                                 
    23 00000000 040000000500000002-     list1 dd 4, 5, 2, -3, 1
    24 00000000 000000FDFFFFFF0100-
    25 00000000 0000               
    26 00000014 05000000                len1 dd 5
    27 00000018 00000000                ave1 dd 0
    28                                 
    29 0000001C 020000000600000003-     list2 dd 2, 6, 3, -2, 1, 8, 19
    30 0000001C 000000FEFFFFFF0100-
    31 0000001C 000008000000130000-
    32 0000001C 00                 
    33 00000038 07000000                len2 dd 7
    34 0000003C 00000000                ave2 dd 0
    35                                 
    36                                 
    37                                 
    38                                 [section .text]
    39                                 [global _start]
    40                                  _start:
    41                                 
    42                                 
    43                                 
    44 00000000 B800000000              mov eax, 0
    45                                 %line 53+0 average.asm
    46 00000005 8B0C25[00000000]        mov ecx, dword[len1]
    47 0000000C 49C7C400000000          mov r12, 0
    48 00000013 488D1C25[00000000]      lea rbx, [list1]
    49                                 
    50                                 ..@3.sumLoop:
    51 0000001B 420304A3                add eax, dword[rbx+r12*4]
    52 0000001F 49FFC4                  inc r12
    53 00000022 E2F5                    loop ..@3.sumLoop
    54                                 
    55 00000024 99                      cdq
    56 00000025 F73C25[00000000]        idiv dword[len1]
    57 0000002C 890425[00000000]        mov dword[ave1], eax
    58                                 
    59                                 %line 54+1 average.asm
    60 00000033 B800000000              mov eax, 0
    61                                 %line 54+0 average.asm
    62 00000038 8B0C25[00000000]        mov ecx, dword[len2]
    63 0000003F 49C7C400000000          mov r12, 0
    64 00000046 488D1C25[00000000]      lea rbx, [list2]
    65                                 
    66                                 ..@4.sumLoop:
    67 0000004E 420304A3                add eax, dword[rbx+r12*4]
    68 00000052 49FFC4                  inc r12
    69 00000055 E2F5                    loop ..@4.sumLoop
    70                                 
    71 00000057 99                      cdq
    72 00000058 F73C25[00000000]        idiv dword[len2]
    73 0000005F 890425[00000000]        mov dword[ave2], eax
    74                                 
    75                                 %line 55+1 average.asm
    76                                 
    77                                 
    78                                 
    79                                 
    80                                  last:
    81 00000066 48C7C03C000000          mov rax, SYS_exit
    82 0000006D 48C7C700000000          mov rdi, EXIT_SUCCESS
    83 00000074 0F05                    syscall
    84                                 
    85                                 
